# JRE version: Java(TM) SE Runtime Environment (8.0_121-b13) (build 1.8.0_121-b13)
# Java VM: Java HotSpot(TM) 64-Bit Server VM (25.121-b13 mixed mode linux-amd64 compressed oops)
Heap:
 par new generation   total 61440K, used 25740K [0x0000000080000000, 0x00000000842a0000, 0x0000000094cc0000)
  eden space 54656K,  47% used [0x0000000080000000, 0x000000008191d8f0, 0x0000000083560000)
  from space 6784K,   0% used [0x0000000083560000, 0x0000000083565780, 0x0000000083c00000)
  to   space 6784K,   0% used [0x0000000083c00000, 0x0000000083c00000, 0x00000000842a0000)
 concurrent mark-sweep generation total 136576K, used 94241K [0x0000000094cc0000, 0x000000009d220000, 0x0000000100000000)
 Metaspace       used 156316K, capacity 159757K, committed 160068K, reserved 1171456K
  class space    used 37777K, capacity 38282K, committed 38388K, reserved 1048576K
GC Heap History (10 events):
Event: 1090.405 GC heap before
{Heap before GC invocations=47 (full 3):
 par new generation   total 61440K, used 55136K [0x0000000080000000, 0x00000000842a0000, 0x0000000094cc0000)
  eden space 54656K, 100% used [0x0000000080000000, 0x0000000083560000, 0x0000000083560000)
  from space 6784K,   7% used [0x0000000083c00000, 0x0000000083c78378, 0x00000000842a0000)
  to   space 6784K,   0% used [0x0000000083560000, 0x0000000083560000, 0x0000000083c00000)
 concurrent mark-sweep generation total 136576K, used 93968K [0x0000000094cc0000, 0x000000009d220000, 0x0000000100000000)
 Metaspace       used 156289K, capacity 159661K, committed 159684K, reserved 1171456K
  class space    used 37775K, capacity 38250K, committed 38260K, reserved 1048576K
Event: 1090.409 GC heap after
Heap after GC invocations=48 (full 3):
 par new generation   total 61440K, used 388K [0x0000000080000000, 0x00000000842a0000, 0x0000000094cc0000)
  eden space 54656K,   0% used [0x0000000080000000, 0x0000000080000000, 0x0000000083560000)
  from space 6784K,   5% used [0x0000000083560000, 0x00000000835c1398, 0x0000000083c00000)
  to   space 6784K,   0% used [0x0000000083c00000, 0x0000000083c00000, 0x00000000842a0000)
 concurrent mark-sweep generation total 136576K, used 93968K [0x0000000094cc0000, 0x000000009d220000, 0x0000000100000000)
 Metaspace       used 156289K, capacity 159661K, committed 159684K, reserved 1171456K
  class space    used 37775K, capacity 38250K, committed 38260K, reserved 1048576K
}
Event: 1092.420 GC heap before
{Heap before GC invocations=48 (full 3):
 par new generation   total 61440K, used 55044K [0x0000000080000000, 0x00000000842a0000, 0x0000000094cc0000)
  eden space 54656K, 100% used [0x0000000080000000, 0x0000000083560000, 0x0000000083560000)
  from space 6784K,   5% used [0x0000000083560000, 0x00000000835c1398, 0x0000000083c00000)
  to   space 6784K,   0% used [0x0000000083c00000, 0x0000000083c00000, 0x00000000842a0000)
 concurrent mark-sweep generation total 136576K, used 93968K [0x0000000094cc0000, 0x000000009d220000, 0x0000000100000000)
 Metaspace       used 156289K, capacity 159661K, committed 159684K, reserved 1171456K
  class space    used 37775K, capacity 38250K, committed 38260K, reserved 1048576K
Event: 1092.426 GC heap after
Heap after GC invocations=49 (full 3):
 par new generation   total 61440K, used 447K [0x0000000080000000, 0x00000000842a0000, 0x0000000094cc0000)
  eden space 54656K,   0% used [0x0000000080000000, 0x0000000080000000, 0x0000000083560000)
  from space 6784K,   6% used [0x0000000083c00000, 0x0000000083c6fc80, 0x00000000842a0000)
  to   space 6784K,   0% used [0x0000000083560000, 0x0000000083560000, 0x0000000083c00000)
 concurrent mark-sweep generation total 136576K, used 93969K [0x0000000094cc0000, 0x000000009d220000, 0x0000000100000000)
 Metaspace       used 156289K, capacity 159661K, committed 159684K, reserved 1171456K
  class space    used 37775K, capacity 38250K, committed 38260K, reserved 1048576K
}
Event: 1094.401 GC heap before
{Heap before GC invocations=49 (full 3):
 par new generation   total 61440K, used 55103K [0x0000000080000000, 0x00000000842a0000, 0x0000000094cc0000)
  eden space 54656K, 100% used [0x0000000080000000, 0x0000000083560000, 0x0000000083560000)
  from space 6784K,   6% used [0x0000000083c00000, 0x0000000083c6fc80, 0x00000000842a0000)
  to   space 6784K,   0% used [0x0000000083560000, 0x0000000083560000, 0x0000000083c00000)
 concurrent mark-sweep generation total 136576K, used 93969K [0x0000000094cc0000, 0x000000009d220000, 0x0000000100000000)
 Metaspace       used 156290K, capacity 159661K, committed 159684K, reserved 1171456K
  class space    used 37775K, capacity 38250K, committed 38260K, reserved 1048576K
Event: 1094.406 GC heap after
Heap after GC invocations=50 (full 3):
 par new generation   total 61440K, used 276K [0x0000000080000000, 0x00000000842a0000, 0x0000000094cc0000)
  eden space 54656K,   0% used [0x0000000080000000, 0x0000000080000000, 0x0000000083560000)
  from space 6784K,   4% used [0x0000000083560000, 0x00000000835a5260, 0x0000000083c00000)
  to   space 6784K,   0% used [0x0000000083c00000, 0x0000000083c00000, 0x00000000842a0000)
 concurrent mark-sweep generation total 136576K, used 94239K [0x0000000094cc0000, 0x000000009d220000, 0x0000000100000000)
 Metaspace       used 156290K, capacity 159661K, committed 159684K, reserved 1171456K
  class space    used 37775K, capacity 38250K, committed 38260K, reserved 1048576K
}
Event: 1096.385 GC heap before
{Heap before GC invocations=50 (full 3):
 par new generation   total 61440K, used 54932K [0x0000000080000000, 0x00000000842a0000, 0x0000000094cc0000)
  eden space 54656K, 100% used [0x0000000080000000, 0x0000000083560000, 0x0000000083560000)
  from space 6784K,   4% used [0x0000000083560000, 0x00000000835a5260, 0x0000000083c00000)
  to   space 6784K,   0% used [0x0000000083c00000, 0x0000000083c00000, 0x00000000842a0000)
 concurrent mark-sweep generation total 136576K, used 94239K [0x0000000094cc0000, 0x000000009d220000, 0x0000000100000000)
 Metaspace       used 156298K, capacity 159661K, committed 159684K, reserved 1171456K
  class space    used 37775K, capacity 38250K, committed 38260K, reserved 1048576K
Event: 1096.388 GC heap after
Heap after GC invocations=51 (full 3):
 par new generation   total 61440K, used 72K [0x0000000080000000, 0x00000000842a0000, 0x0000000094cc0000)
  eden space 54656K,   0% used [0x0000000080000000, 0x0000000080000000, 0x0000000083560000)
  from space 6784K,   1% used [0x0000000083c00000, 0x0000000083c12080, 0x00000000842a0000)
  to   space 6784K,   0% used [0x0000000083560000, 0x0000000083560000, 0x0000000083c00000)
 concurrent mark-sweep generation total 136576K, used 94240K [0x0000000094cc0000, 0x000000009d220000, 0x0000000100000000)
 Metaspace       used 156298K, capacity 159661K, committed 159684K, reserved 1171456K
  class space    used 37775K, capacity 38250K, committed 38260K, reserved 1048576K
}
Event: 1098.325 GC heap before
{Heap before GC invocations=51 (full 3):
 par new generation   total 61440K, used 54728K [0x0000000080000000, 0x00000000842a0000, 0x0000000094cc0000)
  eden space 54656K, 100% used [0x0000000080000000, 0x0000000083560000, 0x0000000083560000)
  from space 6784K,   1% used [0x0000000083c00000, 0x0000000083c12080, 0x00000000842a0000)
  to   space 6784K,   0% used [0x0000000083560000, 0x0000000083560000, 0x0000000083c00000)
 concurrent mark-sweep generation total 136576K, used 94240K [0x0000000094cc0000, 0x000000009d220000, 0x0000000100000000)
 Metaspace       used 156306K, capacity 159725K, committed 159940K, reserved 1171456K
  class space    used 37775K, capacity 38250K, committed 38260K, reserved 1048576K
Event: 1098.328 GC heap after
Heap after GC invocations=52 (full 3):
 par new generation   total 61440K, used 21K [0x0000000080000000, 0x00000000842a0000, 0x0000000094cc0000)
  eden space 54656K,   0% used [0x0000000080000000, 0x0000000080000000, 0x0000000083560000)
  from space 6784K,   0% used [0x0000000083560000, 0x0000000083565780, 0x0000000083c00000)
  to   space 6784K,   0% used [0x0000000083c00000, 0x0000000083c00000, 0x00000000842a0000)
 concurrent mark-sweep generation total 136576K, used 94241K [0x0000000094cc0000, 0x000000009d220000, 0x0000000100000000)
 Metaspace       used 156306K, capacity 159725K, committed 159940K, reserved 1171456K
  class space    used 37775K, capacity 38250K, committed 38260K, reserved 1048576K
}

